<?xml version="1.0" encoding="UTF-8"?>
<!-- Generated by org.testng.reporters.JUnitReportReporter -->
<testsuite skipped="0" hostname="DESKTOP-N9F562R" name="tests.LoginHerokuTest" tests="1" failures="0" timestamp="24 Dec 2021 02:54:35 GMT" time="12.736" errors="0">
  <testcase name="loginTestPOM" time="12.736" classname="tests.LoginHerokuTest"/>
</testsuite> <!-- tests.LoginHerokuTest -->
