<?xml version="1.0" encoding="UTF-8"?>
<!-- Generated by org.testng.reporters.JUnitReportReporter -->
<testsuite skipped="0" hostname="DESKTOP-N9F562R" name="tests.Expedia" tests="1" failures="0" timestamp="17 Dec 2021 03:45:52 GMT" time="27.196" errors="0">
  <testcase name="flightReservation" time="27.196" classname="tests.Expedia"/>
</testsuite> <!-- tests.Expedia -->
