<?xml version="1.0" encoding="UTF-8"?>
<!-- Generated by org.testng.reporters.JUnitReportReporter -->
<testsuite skipped="0" hostname="DESKTOP-N9F562R" name="tests.WindowHandles" tests="1" failures="0" timestamp="19 Dec 2021 03:07:08 GMT" time="5.626" errors="0">
  <testcase name="windowOpen" time="5.626" classname="tests.WindowHandles"/>
</testsuite> <!-- tests.WindowHandles -->
