<?xml version="1.0" encoding="UTF-8"?>
<!-- Generated by org.testng.reporters.JUnitReportReporter -->
<testsuite skipped="0" hostname="DESKTOP-N9F562R" name="smoketests.ATagsTest" tests="1" failures="0" timestamp="08 Dec 2021 03:37:21 GMT" time="6.550" errors="0">
  <testcase name="loginElementsPresentTest" time="6.550" classname="smoketests.ATagsTest"/>
</testsuite> <!-- smoketests.ATagsTest -->
