<?xml version="1.0" encoding="UTF-8"?>
<!-- Generated by org.testng.reporters.JUnitReportReporter -->
<testsuite skipped="0" hostname="DESKTOP-N9F562R" name="tests.LoginDDT" tests="3" failures="0" timestamp="10 Dec 2021 05:03:38 GMT" time="23.178" errors="0">
  <testcase name="loginTest" time="9.605" classname="tests.LoginDDT"/>
  <testcase name="loginTest" time="6.644" classname="tests.LoginDDT"/>
  <testcase name="loginTest" time="6.929" classname="tests.LoginDDT"/>
</testsuite> <!-- tests.LoginDDT -->
